<?xml version="1.0" encoding="UTF-8"?>
<testsuite name="com.kodilla.CodeCoverageApplicationTest" tests="1" skipped="0" failures="0" errors="0" timestamp="2025-12-14T10:11:17" hostname="ELIZA" time="0.585">
  <properties/>
  <testcase name="contextLoads()" classname="com.kodilla.CodeCoverageApplicationTest" time="0.585"/>
  <system-out><![CDATA[11:11:02.928 [Test worker] DEBUG org.springframework.test.context.BootstrapUtils - Instantiating CacheAwareContextLoaderDelegate from class [org.springframework.test.context.cache.DefaultCacheAwareContextLoaderDelegate]
11:11:03.003 [Test worker] DEBUG org.springframework.test.context.BootstrapUtils - Instantiating BootstrapContext using constructor [public org.springframework.test.context.support.DefaultBootstrapContext(java.lang.Class,org.springframework.test.context.CacheAwareContextLoaderDelegate)]
11:11:03.229 [Test worker] DEBUG org.springframework.test.context.BootstrapUtils - Instantiating TestContextBootstrapper for test class [com.kodilla.CodeCoverageApplicationTest] from class [org.springframework.boot.test.context.SpringBootTestContextBootstrapper]
11:11:03.290 [Test worker] INFO org.springframework.boot.test.context.SpringBootTestContextBootstrapper - Neither @ContextConfiguration nor @ContextHierarchy found for test class [com.kodilla.CodeCoverageApplicationTest], using SpringBootContextLoader
11:11:03.323 [Test worker] DEBUG org.springframework.test.context.support.AbstractContextLoader - Did not detect default resource location for test class [com.kodilla.CodeCoverageApplicationTest]: class path resource [com/kodilla/CodeCoverageApplicationTest-context.xml] does not exist
11:11:03.324 [Test worker] DEBUG org.springframework.test.context.support.AbstractContextLoader - Did not detect default resource location for test class [com.kodilla.CodeCoverageApplicationTest]: class path resource [com/kodilla/CodeCoverageApplicationTestContext.groovy] does not exist
11:11:03.325 [Test worker] INFO org.springframework.test.context.support.AbstractContextLoader - Could not detect default resource locations for test class [com.kodilla.CodeCoverageApplicationTest]: no resource found for suffixes {-context.xml, Context.groovy}.
11:11:03.328 [Test worker] INFO org.springframework.test.context.support.AnnotationConfigContextLoaderUtils - Could not detect default configuration classes for test class [com.kodilla.CodeCoverageApplicationTest]: CodeCoverageApplicationTest does not declare any static, non-private, non-final, nested classes annotated with @Configuration.
11:11:03.509 [Test worker] DEBUG org.springframework.test.context.support.ActiveProfilesUtils - Could not find an 'annotation declaring class' for annotation type [org.springframework.test.context.ActiveProfiles] and class [com.kodilla.CodeCoverageApplicationTest]
11:11:03.862 [Test worker] DEBUG org.springframework.context.annotation.ClassPathScanningCandidateComponentProvider - Identified candidate component class: file [C:\Users\lenovo\IdeaProjects\MainExtended.java\kodilla-code-coverage\build\classes\java\main\com\kodilla\CodeCoverageApplication.class]
11:11:03.864 [Test worker] INFO org.springframework.boot.test.context.SpringBootTestContextBootstrapper - Found @SpringBootConfiguration com.kodilla.CodeCoverageApplication for test class com.kodilla.CodeCoverageApplicationTest
11:11:04.346 [Test worker] DEBUG org.springframework.boot.test.context.SpringBootTestContextBootstrapper - @TestExecutionListeners is not present for class [com.kodilla.CodeCoverageApplicationTest]: using defaults.
11:11:04.348 [Test worker] INFO org.springframework.boot.test.context.SpringBootTestContextBootstrapper - Loaded default TestExecutionListener class names from location [META-INF/spring.factories]: [org.springframework.boot.test.autoconfigure.restdocs.RestDocsTestExecutionListener, org.springframework.boot.test.autoconfigure.web.client.MockRestServiceServerResetTestExecutionListener, org.springframework.boot.test.autoconfigure.web.servlet.MockMvcPrintOnlyOnFailureTestExecutionListener, org.springframework.boot.test.autoconfigure.web.servlet.WebDriverTestExecutionListener, org.springframework.boot.test.autoconfigure.webservices.client.MockWebServiceServerTestExecutionListener, org.springframework.boot.test.mock.mockito.MockitoTestExecutionListener, org.springframework.boot.test.mock.mockito.ResetMocksTestExecutionListener, org.springframework.test.context.web.ServletTestExecutionListener, org.springframework.test.context.support.DirtiesContextBeforeModesTestExecutionListener, org.springframework.test.context.event.ApplicationEventsTestExecutionListener, org.springframework.test.context.support.DependencyInjectionTestExecutionListener, org.springframework.test.context.support.DirtiesContextTestExecutionListener, org.springframework.test.context.transaction.TransactionalTestExecutionListener, org.springframework.test.context.jdbc.SqlScriptsTestExecutionListener, org.springframework.test.context.event.EventPublishingTestExecutionListener]
11:11:04.400 [Test worker] DEBUG org.springframework.boot.test.context.SpringBootTestContextBootstrapper - Skipping candidate TestExecutionListener [org.springframework.test.context.web.ServletTestExecutionListener] due to a missing dependency. Specify custom listener classes or make the default listener classes and their required dependencies available. Offending class: [javax/servlet/ServletContext]
11:11:04.992 [Test worker] INFO org.springframework.boot.test.context.SpringBootTestContextBootstrapper - Using TestExecutionListeners: [org.springframework.test.context.support.DirtiesContextBeforeModesTestExecutionListener@72ba41f7, org.springframework.test.context.event.ApplicationEventsTestExecutionListener@1e46b33b, org.springframework.boot.test.mock.mockito.MockitoTestExecutionListener@7ffa7591, org.springframework.boot.test.autoconfigure.SpringBootDependencyInjectionTestExecutionListener@6d4e515d, org.springframework.test.context.support.DirtiesContextTestExecutionListener@4ddb00fa, org.springframework.test.context.transaction.TransactionalTestExecutionListener@662fad11, org.springframework.test.context.jdbc.SqlScriptsTestExecutionListener@4ad51ab8, org.springframework.test.context.event.EventPublishingTestExecutionListener@558e6e06, org.springframework.boot.test.autoconfigure.restdocs.RestDocsTestExecutionListener@4047789d, org.springframework.boot.test.autoconfigure.web.client.MockRestServiceServerResetTestExecutionListener@5b9b02a1, org.springframework.boot.test.autoconfigure.web.servlet.MockMvcPrintOnlyOnFailureTestExecutionListener@3979d3b0, org.springframework.boot.test.autoconfigure.web.servlet.WebDriverTestExecutionListener@1f2164c7, org.springframework.boot.test.autoconfigure.webservices.client.MockWebServiceServerTestExecutionListener@6459742e, org.springframework.boot.test.mock.mockito.ResetMocksTestExecutionListener@6754ec0e]
11:11:05.009 [Test worker] DEBUG org.springframework.test.context.support.AbstractDirtiesContextTestExecutionListener - Before test class: context [DefaultTestContext@720a1ab3 testClass = CodeCoverageApplicationTest, testInstance = [null], testMethod = [null], testException = [null], mergedContextConfiguration = [MergedContextConfiguration@70790b54 testClass = CodeCoverageApplicationTest, locations = '{}', classes = '{class com.kodilla.CodeCoverageApplication}', contextInitializerClasses = '[]', activeProfiles = '{}', propertySourceLocations = '{}', propertySourceProperties = '{org.springframework.boot.test.context.SpringBootTestContextBootstrapper=true}', contextCustomizers = set[org.springframework.boot.test.autoconfigure.actuate.metrics.MetricsExportContextCustomizerFactory$DisableMetricExportContextCustomizer@7dab2645, org.springframework.boot.test.autoconfigure.properties.PropertyMappingContextCustomizer@0, org.springframework.boot.test.autoconfigure.web.servlet.WebDriverContextCustomizerFactory$Customizer@40107752, org.springframework.boot.test.context.filter.ExcludeFilterContextCustomizer@12cd9e08, org.springframework.boot.test.json.DuplicateJsonObjectContextCustomizerFactory$DuplicateJsonObjectContextCustomizer@531b098a, org.springframework.boot.test.mock.mockito.MockitoContextCustomizer@0, org.springframework.boot.test.web.client.TestRestTemplateContextCustomizer@64c8afbe, org.springframework.boot.test.context.SpringBootTestArgs@1, org.springframework.boot.test.context.SpringBootTestWebEnvironment@12d49ede], contextLoader = 'org.springframework.boot.test.context.SpringBootContextLoader', parent = [null]], attributes = map[[empty]]], class annotated with @DirtiesContext [false] with mode [null].
11:11:05.056 [Test worker] DEBUG org.springframework.test.context.support.DependencyInjectionTestExecutionListener - Performing dependency injection for test context [[DefaultTestContext@720a1ab3 testClass = CodeCoverageApplicationTest, testInstance = com.kodilla.CodeCoverageApplicationTest@31af1e26, testMethod = [null], testException = [null], mergedContextConfiguration = [MergedContextConfiguration@70790b54 testClass = CodeCoverageApplicationTest, locations = '{}', classes = '{class com.kodilla.CodeCoverageApplication}', contextInitializerClasses = '[]', activeProfiles = '{}', propertySourceLocations = '{}', propertySourceProperties = '{org.springframework.boot.test.context.SpringBootTestContextBootstrapper=true}', contextCustomizers = set[org.springframework.boot.test.autoconfigure.actuate.metrics.MetricsExportContextCustomizerFactory$DisableMetricExportContextCustomizer@7dab2645, org.springframework.boot.test.autoconfigure.properties.PropertyMappingContextCustomizer@0, org.springframework.boot.test.autoconfigure.web.servlet.WebDriverContextCustomizerFactory$Customizer@40107752, org.springframework.boot.test.context.filter.ExcludeFilterContextCustomizer@12cd9e08, org.springframework.boot.test.json.DuplicateJsonObjectContextCustomizerFactory$DuplicateJsonObjectContextCustomizer@531b098a, org.springframework.boot.test.mock.mockito.MockitoContextCustomizer@0, org.springframework.boot.test.web.client.TestRestTemplateContextCustomizer@64c8afbe, org.springframework.boot.test.context.SpringBootTestArgs@1, org.springframework.boot.test.context.SpringBootTestWebEnvironment@12d49ede], contextLoader = 'org.springframework.boot.test.context.SpringBootContextLoader', parent = [null]], attributes = map['org.springframework.test.context.event.ApplicationEventsTestExecutionListener.recordApplicationEvents' -> false]]].

  .   ____          _            __ _ _
 /\\ / ___'_ __ _ _(_)_ __  __ _ \ \ \ \
( ( )\___ | '_ | '_| | '_ \/ _` | \ \ \ \
 \\/  ___)| |_)| | | | | || (_| |  ) ) ) )
  '  |____| .__|_| |_|_| |_\__, | / / / /
 =========|_|==============|___/=/_/_/_/
 :: Spring Boot ::                (v2.7.5)

2025-12-14 11:11:06.514  INFO 15452 --- [    Test worker] com.kodilla.CodeCoverageApplicationTest  : Starting CodeCoverageApplicationTest using Java 17.0.12 on Eliza with PID 15452 (started by lenovo in C:\Users\lenovo\IdeaProjects\MainExtended.java\kodilla-code-coverage)
2025-12-14 11:11:06.518  INFO 15452 --- [    Test worker] com.kodilla.CodeCoverageApplicationTest  : No active profile set, falling back to 1 default profile: "default"
2025-12-14 11:11:08.161  INFO 15452 --- [    Test worker] .s.d.r.c.RepositoryConfigurationDelegate : Bootstrapping Spring Data JPA repositories in DEFAULT mode.
2025-12-14 11:11:08.356  INFO 15452 --- [    Test worker] .s.d.r.c.RepositoryConfigurationDelegate : Finished Spring Data repository scanning in 159 ms. Found 4 JPA repository interfaces.
2025-12-14 11:11:10.005  INFO 15452 --- [    Test worker] o.hibernate.jpa.internal.util.LogHelper  : HHH000204: Processing PersistenceUnitInfo [name: default]
2025-12-14 11:11:10.304  INFO 15452 --- [    Test worker] org.hibernate.Version                    : HHH000412: Hibernate ORM core version 5.6.12.Final
2025-12-14 11:11:11.036  INFO 15452 --- [    Test worker] o.hibernate.annotations.common.Version   : HCANN000001: Hibernate Commons Annotations {5.1.2.Final}
2025-12-14 11:11:11.615  INFO 15452 --- [    Test worker] com.zaxxer.hikari.HikariDataSource       : HikariPool-1 - Starting...
2025-12-14 11:11:12.588  INFO 15452 --- [    Test worker] com.zaxxer.hikari.HikariDataSource       : HikariPool-1 - Start completed.
2025-12-14 11:11:12.689  INFO 15452 --- [    Test worker] org.hibernate.dialect.Dialect            : HHH000400: Using dialect: org.hibernate.dialect.MySQL8Dialect
2025-12-14 11:11:16.281  INFO 15452 --- [    Test worker] o.h.e.t.j.p.i.JtaPlatformInitiator       : HHH000490: Using JtaPlatform implementation: [org.hibernate.engine.transaction.jta.platform.internal.NoJtaPlatform]
2025-12-14 11:11:16.313  INFO 15452 --- [    Test worker] j.LocalContainerEntityManagerFactoryBean : Initialized JPA EntityManagerFactory for persistence unit 'default'
2025-12-14 11:11:17.870  INFO 15452 --- [    Test worker] com.kodilla.CodeCoverageApplicationTest  : Started CodeCoverageApplicationTest in 12.614 seconds (JVM running for 19.243)
]]></system-out>
  <system-err><![CDATA[]]></system-err>
</testsuite>
