<?xml version="1.0" encoding="UTF-8"?>
<testsuite name="com.kodilla.hibernate.task.homework.TaskListTest" tests="1" skipped="0" failures="0" errors="0" timestamp="2025-12-14T10:11:18" hostname="ELIZA" time="1.143">
  <properties/>
  <testcase name="testFindByListName()" classname="com.kodilla.hibernate.task.homework.TaskListTest" time="1.143"/>
  <system-out><![CDATA[2025-12-14 11:11:18.547  INFO 15452 --- [    Test worker] .b.t.c.SpringBootTestContextBootstrapper : Neither @ContextConfiguration nor @ContextHierarchy found for test class [com.kodilla.hibernate.task.homework.TaskListTest], using SpringBootContextLoader
2025-12-14 11:11:18.549  INFO 15452 --- [    Test worker] o.s.t.c.support.AbstractContextLoader    : Could not detect default resource locations for test class [com.kodilla.hibernate.task.homework.TaskListTest]: no resource found for suffixes {-context.xml, Context.groovy}.
2025-12-14 11:11:18.551  INFO 15452 --- [    Test worker] t.c.s.AnnotationConfigContextLoaderUtils : Could not detect default configuration classes for test class [com.kodilla.hibernate.task.homework.TaskListTest]: TaskListTest does not declare any static, non-private, non-final, nested classes annotated with @Configuration.
2025-12-14 11:11:18.589  INFO 15452 --- [    Test worker] .b.t.c.SpringBootTestContextBootstrapper : Found @SpringBootConfiguration com.kodilla.CodeCoverageApplication for test class com.kodilla.hibernate.task.homework.TaskListTest
2025-12-14 11:11:18.596  INFO 15452 --- [    Test worker] .b.t.c.SpringBootTestContextBootstrapper : Loaded default TestExecutionListener class names from location [META-INF/spring.factories]: [org.springframework.boot.test.autoconfigure.restdocs.RestDocsTestExecutionListener, org.springframework.boot.test.autoconfigure.web.client.MockRestServiceServerResetTestExecutionListener, org.springframework.boot.test.autoconfigure.web.servlet.MockMvcPrintOnlyOnFailureTestExecutionListener, org.springframework.boot.test.autoconfigure.web.servlet.WebDriverTestExecutionListener, org.springframework.boot.test.autoconfigure.webservices.client.MockWebServiceServerTestExecutionListener, org.springframework.boot.test.mock.mockito.MockitoTestExecutionListener, org.springframework.boot.test.mock.mockito.ResetMocksTestExecutionListener, org.springframework.test.context.web.ServletTestExecutionListener, org.springframework.test.context.support.DirtiesContextBeforeModesTestExecutionListener, org.springframework.test.context.event.ApplicationEventsTestExecutionListener, org.springframework.test.context.support.DependencyInjectionTestExecutionListener, org.springframework.test.context.support.DirtiesContextTestExecutionListener, org.springframework.test.context.transaction.TransactionalTestExecutionListener, org.springframework.test.context.jdbc.SqlScriptsTestExecutionListener, org.springframework.test.context.event.EventPublishingTestExecutionListener]
2025-12-14 11:11:18.599  INFO 15452 --- [    Test worker] .b.t.c.SpringBootTestContextBootstrapper : Using TestExecutionListeners: [org.springframework.test.context.support.DirtiesContextBeforeModesTestExecutionListener@72e1aff2, org.springframework.test.context.event.ApplicationEventsTestExecutionListener@4fc8989c, org.springframework.boot.test.mock.mockito.MockitoTestExecutionListener@32d6ef01, org.springframework.boot.test.autoconfigure.SpringBootDependencyInjectionTestExecutionListener@2c9e982a, org.springframework.test.context.support.DirtiesContextTestExecutionListener@537f2c74, org.springframework.test.context.transaction.TransactionalTestExecutionListener@58f842ff, org.springframework.test.context.jdbc.SqlScriptsTestExecutionListener@5dd30006, org.springframework.test.context.event.EventPublishingTestExecutionListener@5d48c5e, org.springframework.boot.test.autoconfigure.restdocs.RestDocsTestExecutionListener@2fe20c1c, org.springframework.boot.test.autoconfigure.web.client.MockRestServiceServerResetTestExecutionListener@35974ca5, org.springframework.boot.test.autoconfigure.web.servlet.MockMvcPrintOnlyOnFailureTestExecutionListener@7001a921, org.springframework.boot.test.autoconfigure.web.servlet.WebDriverTestExecutionListener@51966d03, org.springframework.boot.test.autoconfigure.webservices.client.MockWebServiceServerTestExecutionListener@6eab09c1, org.springframework.boot.test.mock.mockito.ResetMocksTestExecutionListener@61d682d5]
Hibernate: select next_val as id_val from hibernate_sequence for update
Hibernate: update hibernate_sequence set next_val= ? where next_val=?
Hibernate: insert into tasklists (description, listname, id) values (?, ?, ?)
Hibernate: select tasklist0_.id as id1_4_, tasklist0_.description as descript2_4_, tasklist0_.listname as listname3_4_ from tasklists tasklist0_ where tasklist0_.listname=?
Hibernate: select tasklist0_.id as id1_4_0_, tasklist0_.description as descript2_4_0_, tasklist0_.listname as listname3_4_0_ from tasklists tasklist0_ where tasklist0_.id=?
Hibernate: select tasks0_.tasklist_id as tasklist6_3_0_, tasks0_.id as id1_3_0_, tasks0_.id as id1_3_1_, tasks0_.created as created2_3_1_, tasks0_.description as descript3_3_1_, tasks0_.duration as duration4_3_1_, tasks0_.tasks_financials_id as tasks_fi5_3_1_, tasks0_.tasklist_id as tasklist6_3_1_, taskfinanc1_.id as id1_5_2_, taskfinanc1_.paid as paid2_5_2_, taskfinanc1_.price as price3_5_2_ from projekty tasks0_ left outer join tasks_financials taskfinanc1_ on tasks0_.tasks_financials_id=taskfinanc1_.id where tasks0_.tasklist_id=?
Hibernate: delete from tasklists where id=?
]]></system-out>
  <system-err><![CDATA[]]></system-err>
</testsuite>
