<?xml version="1.0" encoding="UTF-8"?>
<testsuite name="com.kodilla.hibernate.task.repository.TaskTest" tests="2" skipped="0" failures="0" errors="0" timestamp="2025-12-14T10:31:02" hostname="ELIZA" time="0.052">
  <properties/>
  <testcase name="testTaskPersistence()" classname="com.kodilla.hibernate.task.repository.TaskTest" time="0.042"/>
  <testcase name="testTaskGettersAndSetters()" classname="com.kodilla.hibernate.task.repository.TaskTest" time="0.008"/>
  <system-out><![CDATA[2025-12-14 11:31:02.062  INFO 18720 --- [    Test worker] .b.t.c.SpringBootTestContextBootstrapper : Neither @ContextConfiguration nor @ContextHierarchy found for test class [com.kodilla.hibernate.task.repository.TaskTest], using SpringBootContextLoader
2025-12-14 11:31:02.062  INFO 18720 --- [    Test worker] o.s.t.c.support.AbstractContextLoader    : Could not detect default resource locations for test class [com.kodilla.hibernate.task.repository.TaskTest]: no resource found for suffixes {-context.xml, Context.groovy}.
2025-12-14 11:31:02.062  INFO 18720 --- [    Test worker] t.c.s.AnnotationConfigContextLoaderUtils : Could not detect default configuration classes for test class [com.kodilla.hibernate.task.repository.TaskTest]: TaskTest does not declare any static, non-private, non-final, nested classes annotated with @Configuration.
2025-12-14 11:31:02.078  INFO 18720 --- [    Test worker] .b.t.c.SpringBootTestContextBootstrapper : Found @SpringBootConfiguration com.kodilla.CodeCoverageApplication for test class com.kodilla.hibernate.task.repository.TaskTest
2025-12-14 11:31:02.078  INFO 18720 --- [    Test worker] .b.t.c.SpringBootTestContextBootstrapper : Loaded default TestExecutionListener class names from location [META-INF/spring.factories]: [org.springframework.boot.test.autoconfigure.restdocs.RestDocsTestExecutionListener, org.springframework.boot.test.autoconfigure.web.client.MockRestServiceServerResetTestExecutionListener, org.springframework.boot.test.autoconfigure.web.servlet.MockMvcPrintOnlyOnFailureTestExecutionListener, org.springframework.boot.test.autoconfigure.web.servlet.WebDriverTestExecutionListener, org.springframework.boot.test.autoconfigure.webservices.client.MockWebServiceServerTestExecutionListener, org.springframework.boot.test.mock.mockito.MockitoTestExecutionListener, org.springframework.boot.test.mock.mockito.ResetMocksTestExecutionListener, org.springframework.test.context.web.ServletTestExecutionListener, org.springframework.test.context.support.DirtiesContextBeforeModesTestExecutionListener, org.springframework.test.context.event.ApplicationEventsTestExecutionListener, org.springframework.test.context.support.DependencyInjectionTestExecutionListener, org.springframework.test.context.support.DirtiesContextTestExecutionListener, org.springframework.test.context.transaction.TransactionalTestExecutionListener, org.springframework.test.context.jdbc.SqlScriptsTestExecutionListener, org.springframework.test.context.event.EventPublishingTestExecutionListener]
2025-12-14 11:31:02.094  INFO 18720 --- [    Test worker] .b.t.c.SpringBootTestContextBootstrapper : Using TestExecutionListeners: [org.springframework.test.context.support.DirtiesContextBeforeModesTestExecutionListener@468c58b9, org.springframework.test.context.event.ApplicationEventsTestExecutionListener@7ed3fbf6, org.springframework.boot.test.mock.mockito.MockitoTestExecutionListener@54f07365, org.springframework.boot.test.autoconfigure.SpringBootDependencyInjectionTestExecutionListener@5310b225, org.springframework.test.context.support.DirtiesContextTestExecutionListener@777d716e, org.springframework.test.context.transaction.TransactionalTestExecutionListener@1690283c, org.springframework.test.context.jdbc.SqlScriptsTestExecutionListener@412c1ad0, org.springframework.test.context.event.EventPublishingTestExecutionListener@17fb194a, org.springframework.boot.test.autoconfigure.restdocs.RestDocsTestExecutionListener@b11fcda, org.springframework.boot.test.autoconfigure.web.client.MockRestServiceServerResetTestExecutionListener@1c57f44c, org.springframework.boot.test.autoconfigure.web.servlet.MockMvcPrintOnlyOnFailureTestExecutionListener@3d0c978c, org.springframework.boot.test.autoconfigure.web.servlet.WebDriverTestExecutionListener@7272f82e, org.springframework.boot.test.autoconfigure.webservices.client.MockWebServiceServerTestExecutionListener@76813d96, org.springframework.boot.test.mock.mockito.ResetMocksTestExecutionListener@55d7429e]
Hibernate: select next_val as id_val from hibernate_sequence for update
Hibernate: update hibernate_sequence set next_val= ? where next_val=?
Hibernate: insert into tasklists (description, listname, id) values (?, ?, ?)
Hibernate: select tasklist0_.id as id1_4_0_, tasklist0_.description as descript2_4_0_, tasklist0_.listname as listname3_4_0_ from tasklists tasklist0_ where tasklist0_.id=?
Hibernate: select tasks0_.tasklist_id as tasklist6_3_0_, tasks0_.id as id1_3_0_, tasks0_.id as id1_3_1_, tasks0_.created as created2_3_1_, tasks0_.description as descript3_3_1_, tasks0_.duration as duration4_3_1_, tasks0_.tasks_financials_id as tasks_fi5_3_1_, tasks0_.tasklist_id as tasklist6_3_1_, taskfinanc1_.id as id1_5_2_, taskfinanc1_.paid as paid2_5_2_, taskfinanc1_.price as price3_5_2_ from projekty tasks0_ left outer join tasks_financials taskfinanc1_ on tasks0_.tasks_financials_id=taskfinanc1_.id where tasks0_.tasklist_id=?
Hibernate: delete from tasklists where id=?
]]></system-out>
  <system-err><![CDATA[]]></system-err>
</testsuite>
