<?xml version="1.0" encoding="UTF-8"?>
<testsuite name="com.kodilla.CodeCoverageApplicationTest" tests="1" skipped="0" failures="0" errors="0" timestamp="2025-12-14T10:31:00" hostname="ELIZA" time="0.822">
  <properties/>
  <testcase name="contextLoads()" classname="com.kodilla.CodeCoverageApplicationTest" time="0.822"/>
  <system-out><![CDATA[11:30:43.780 [Test worker] DEBUG org.springframework.test.context.BootstrapUtils - Instantiating CacheAwareContextLoaderDelegate from class [org.springframework.test.context.cache.DefaultCacheAwareContextLoaderDelegate]
11:30:43.844 [Test worker] DEBUG org.springframework.test.context.BootstrapUtils - Instantiating BootstrapContext using constructor [public org.springframework.test.context.support.DefaultBootstrapContext(java.lang.Class,org.springframework.test.context.CacheAwareContextLoaderDelegate)]
11:30:44.342 [Test worker] DEBUG org.springframework.test.context.BootstrapUtils - Instantiating TestContextBootstrapper for test class [com.kodilla.CodeCoverageApplicationTest] from class [org.springframework.boot.test.context.SpringBootTestContextBootstrapper]
11:30:44.405 [Test worker] INFO org.springframework.boot.test.context.SpringBootTestContextBootstrapper - Neither @ContextConfiguration nor @ContextHierarchy found for test class [com.kodilla.CodeCoverageApplicationTest], using SpringBootContextLoader
11:30:44.451 [Test worker] DEBUG org.springframework.test.context.support.AbstractContextLoader - Did not detect default resource location for test class [com.kodilla.CodeCoverageApplicationTest]: class path resource [com/kodilla/CodeCoverageApplicationTest-context.xml] does not exist
11:30:44.452 [Test worker] DEBUG org.springframework.test.context.support.AbstractContextLoader - Did not detect default resource location for test class [com.kodilla.CodeCoverageApplicationTest]: class path resource [com/kodilla/CodeCoverageApplicationTestContext.groovy] does not exist
11:30:44.453 [Test worker] INFO org.springframework.test.context.support.AbstractContextLoader - Could not detect default resource locations for test class [com.kodilla.CodeCoverageApplicationTest]: no resource found for suffixes {-context.xml, Context.groovy}.
11:30:44.456 [Test worker] INFO org.springframework.test.context.support.AnnotationConfigContextLoaderUtils - Could not detect default configuration classes for test class [com.kodilla.CodeCoverageApplicationTest]: CodeCoverageApplicationTest does not declare any static, non-private, non-final, nested classes annotated with @Configuration.
11:30:44.773 [Test worker] DEBUG org.springframework.test.context.support.ActiveProfilesUtils - Could not find an 'annotation declaring class' for annotation type [org.springframework.test.context.ActiveProfiles] and class [com.kodilla.CodeCoverageApplicationTest]
11:30:45.273 [Test worker] DEBUG org.springframework.context.annotation.ClassPathScanningCandidateComponentProvider - Identified candidate component class: file [C:\Users\lenovo\IdeaProjects\MainExtended.java\kodilla-code-coverage\build\classes\java\main\com\kodilla\CodeCoverageApplication.class]
11:30:45.279 [Test worker] INFO org.springframework.boot.test.context.SpringBootTestContextBootstrapper - Found @SpringBootConfiguration com.kodilla.CodeCoverageApplication for test class com.kodilla.CodeCoverageApplicationTest
11:30:46.273 [Test worker] DEBUG org.springframework.boot.test.context.SpringBootTestContextBootstrapper - @TestExecutionListeners is not present for class [com.kodilla.CodeCoverageApplicationTest]: using defaults.
11:30:46.275 [Test worker] INFO org.springframework.boot.test.context.SpringBootTestContextBootstrapper - Loaded default TestExecutionListener class names from location [META-INF/spring.factories]: [org.springframework.boot.test.autoconfigure.restdocs.RestDocsTestExecutionListener, org.springframework.boot.test.autoconfigure.web.client.MockRestServiceServerResetTestExecutionListener, org.springframework.boot.test.autoconfigure.web.servlet.MockMvcPrintOnlyOnFailureTestExecutionListener, org.springframework.boot.test.autoconfigure.web.servlet.WebDriverTestExecutionListener, org.springframework.boot.test.autoconfigure.webservices.client.MockWebServiceServerTestExecutionListener, org.springframework.boot.test.mock.mockito.MockitoTestExecutionListener, org.springframework.boot.test.mock.mockito.ResetMocksTestExecutionListener, org.springframework.test.context.web.ServletTestExecutionListener, org.springframework.test.context.support.DirtiesContextBeforeModesTestExecutionListener, org.springframework.test.context.event.ApplicationEventsTestExecutionListener, org.springframework.test.context.support.DependencyInjectionTestExecutionListener, org.springframework.test.context.support.DirtiesContextTestExecutionListener, org.springframework.test.context.transaction.TransactionalTestExecutionListener, org.springframework.test.context.jdbc.SqlScriptsTestExecutionListener, org.springframework.test.context.event.EventPublishingTestExecutionListener]
11:30:46.326 [Test worker] DEBUG org.springframework.boot.test.context.SpringBootTestContextBootstrapper - Skipping candidate TestExecutionListener [org.springframework.test.context.web.ServletTestExecutionListener] due to a missing dependency. Specify custom listener classes or make the default listener classes and their required dependencies available. Offending class: [javax/servlet/ServletContext]
11:30:46.391 [Test worker] INFO org.springframework.boot.test.context.SpringBootTestContextBootstrapper - Using TestExecutionListeners: [org.springframework.test.context.support.DirtiesContextBeforeModesTestExecutionListener@30c3ae63, org.springframework.test.context.event.ApplicationEventsTestExecutionListener@58658f63, org.springframework.boot.test.mock.mockito.MockitoTestExecutionListener@54e12f4c, org.springframework.boot.test.autoconfigure.SpringBootDependencyInjectionTestExecutionListener@60990e5c, org.springframework.test.context.support.DirtiesContextTestExecutionListener@4d84049a, org.springframework.test.context.transaction.TransactionalTestExecutionListener@39ee94de, org.springframework.test.context.jdbc.SqlScriptsTestExecutionListener@642857e0, org.springframework.test.context.event.EventPublishingTestExecutionListener@4c6b4ed7, org.springframework.boot.test.autoconfigure.restdocs.RestDocsTestExecutionListener@21263314, org.springframework.boot.test.autoconfigure.web.client.MockRestServiceServerResetTestExecutionListener@6ca30b8a, org.springframework.boot.test.autoconfigure.web.servlet.MockMvcPrintOnlyOnFailureTestExecutionListener@4a92c6a9, org.springframework.boot.test.autoconfigure.web.servlet.WebDriverTestExecutionListener@5c9934da, org.springframework.boot.test.autoconfigure.webservices.client.MockWebServiceServerTestExecutionListener@4cb702ce, org.springframework.boot.test.mock.mockito.ResetMocksTestExecutionListener@383caf89]
11:30:46.405 [Test worker] DEBUG org.springframework.test.context.support.AbstractDirtiesContextTestExecutionListener - Before test class: context [DefaultTestContext@3ba3d4b6 testClass = CodeCoverageApplicationTest, testInstance = [null], testMethod = [null], testException = [null], mergedContextConfiguration = [MergedContextConfiguration@51b77cdf testClass = CodeCoverageApplicationTest, locations = '{}', classes = '{class com.kodilla.CodeCoverageApplication}', contextInitializerClasses = '[]', activeProfiles = '{}', propertySourceLocations = '{}', propertySourceProperties = '{org.springframework.boot.test.context.SpringBootTestContextBootstrapper=true}', contextCustomizers = set[org.springframework.boot.test.autoconfigure.actuate.metrics.MetricsExportContextCustomizerFactory$DisableMetricExportContextCustomizer@2c6aed22, org.springframework.boot.test.autoconfigure.properties.PropertyMappingContextCustomizer@0, org.springframework.boot.test.autoconfigure.web.servlet.WebDriverContextCustomizerFactory$Customizer@46d63dbb, org.springframework.boot.test.context.filter.ExcludeFilterContextCustomizer@129fed45, org.springframework.boot.test.json.DuplicateJsonObjectContextCustomizerFactory$DuplicateJsonObjectContextCustomizer@31d6f3fe, org.springframework.boot.test.mock.mockito.MockitoContextCustomizer@0, org.springframework.boot.test.web.client.TestRestTemplateContextCustomizer@5524b72f, org.springframework.boot.test.context.SpringBootTestArgs@1, org.springframework.boot.test.context.SpringBootTestWebEnvironment@76a82f33], contextLoader = 'org.springframework.boot.test.context.SpringBootContextLoader', parent = [null]], attributes = map[[empty]]], class annotated with @DirtiesContext [false] with mode [null].
11:30:46.530 [Test worker] DEBUG org.springframework.test.context.support.DependencyInjectionTestExecutionListener - Performing dependency injection for test context [[DefaultTestContext@3ba3d4b6 testClass = CodeCoverageApplicationTest, testInstance = com.kodilla.CodeCoverageApplicationTest@66a5755, testMethod = [null], testException = [null], mergedContextConfiguration = [MergedContextConfiguration@51b77cdf testClass = CodeCoverageApplicationTest, locations = '{}', classes = '{class com.kodilla.CodeCoverageApplication}', contextInitializerClasses = '[]', activeProfiles = '{}', propertySourceLocations = '{}', propertySourceProperties = '{org.springframework.boot.test.context.SpringBootTestContextBootstrapper=true}', contextCustomizers = set[org.springframework.boot.test.autoconfigure.actuate.metrics.MetricsExportContextCustomizerFactory$DisableMetricExportContextCustomizer@2c6aed22, org.springframework.boot.test.autoconfigure.properties.PropertyMappingContextCustomizer@0, org.springframework.boot.test.autoconfigure.web.servlet.WebDriverContextCustomizerFactory$Customizer@46d63dbb, org.springframework.boot.test.context.filter.ExcludeFilterContextCustomizer@129fed45, org.springframework.boot.test.json.DuplicateJsonObjectContextCustomizerFactory$DuplicateJsonObjectContextCustomizer@31d6f3fe, org.springframework.boot.test.mock.mockito.MockitoContextCustomizer@0, org.springframework.boot.test.web.client.TestRestTemplateContextCustomizer@5524b72f, org.springframework.boot.test.context.SpringBootTestArgs@1, org.springframework.boot.test.context.SpringBootTestWebEnvironment@76a82f33], contextLoader = 'org.springframework.boot.test.context.SpringBootContextLoader', parent = [null]], attributes = map['org.springframework.test.context.event.ApplicationEventsTestExecutionListener.recordApplicationEvents' -> false]]].

  .   ____          _            __ _ _
 /\\ / ___'_ __ _ _(_)_ __  __ _ \ \ \ \
( ( )\___ | '_ | '_| | '_ \/ _` | \ \ \ \
 \\/  ___)| |_)| | | | | || (_| |  ) ) ) )
  '  |____| .__|_| |_|_| |_\__, | / / / /
 =========|_|==============|___/=/_/_/_/
 :: Spring Boot ::                (v2.7.5)

2025-12-14 11:30:49.192  INFO 18720 --- [    Test worker] com.kodilla.CodeCoverageApplicationTest  : Starting CodeCoverageApplicationTest using Java 17.0.12 on Eliza with PID 18720 (started by lenovo in C:\Users\lenovo\IdeaProjects\MainExtended.java\kodilla-code-coverage)
2025-12-14 11:30:49.196  INFO 18720 --- [    Test worker] com.kodilla.CodeCoverageApplicationTest  : No active profile set, falling back to 1 default profile: "default"
2025-12-14 11:30:51.628  INFO 18720 --- [    Test worker] .s.d.r.c.RepositoryConfigurationDelegate : Bootstrapping Spring Data JPA repositories in DEFAULT mode.
2025-12-14 11:30:51.859  INFO 18720 --- [    Test worker] .s.d.r.c.RepositoryConfigurationDelegate : Finished Spring Data repository scanning in 181 ms. Found 4 JPA repository interfaces.
2025-12-14 11:30:53.525  INFO 18720 --- [    Test worker] o.hibernate.jpa.internal.util.LogHelper  : HHH000204: Processing PersistenceUnitInfo [name: default]
2025-12-14 11:30:53.680  INFO 18720 --- [    Test worker] org.hibernate.Version                    : HHH000412: Hibernate ORM core version 5.6.12.Final
2025-12-14 11:30:54.194  INFO 18720 --- [    Test worker] o.hibernate.annotations.common.Version   : HCANN000001: Hibernate Commons Annotations {5.1.2.Final}
2025-12-14 11:30:54.510  INFO 18720 --- [    Test worker] com.zaxxer.hikari.HikariDataSource       : HikariPool-1 - Starting...
2025-12-14 11:30:54.973  INFO 18720 --- [    Test worker] com.zaxxer.hikari.HikariDataSource       : HikariPool-1 - Start completed.
2025-12-14 11:30:55.015  INFO 18720 --- [    Test worker] org.hibernate.dialect.Dialect            : HHH000400: Using dialect: org.hibernate.dialect.MySQL8Dialect
2025-12-14 11:30:58.538  INFO 18720 --- [    Test worker] o.h.e.t.j.p.i.JtaPlatformInitiator       : HHH000490: Using JtaPlatform implementation: [org.hibernate.engine.transaction.jta.platform.internal.NoJtaPlatform]
2025-12-14 11:30:58.570  INFO 18720 --- [    Test worker] j.LocalContainerEntityManagerFactoryBean : Initialized JPA EntityManagerFactory for persistence unit 'default'
2025-12-14 11:31:00.192  INFO 18720 --- [    Test worker] com.kodilla.CodeCoverageApplicationTest  : Started CodeCoverageApplicationTest in 13.277 seconds (JVM running for 24.696)
]]></system-out>
  <system-err><![CDATA[]]></system-err>
</testsuite>
