<?xml version="1.0" encoding="UTF-8"?>
<testsuite name="com.kodilla.jacoco.YearTest" tests="4" skipped="0" failures="0" errors="0" timestamp="2025-12-14T10:11:19" hostname="ELIZA" time="0.018">
  <properties/>
  <testcase name="shouldBeLeapYearIfDivisibleBy4ButNot100()" classname="com.kodilla.jacoco.YearTest" time="0.003"/>
  <testcase name="shouldNotBeLeapYearIfDivisibleBy100ButNot400()" classname="com.kodilla.jacoco.YearTest" time="0.001"/>
  <testcase name="shouldBeLeapYearIfDivisibleBy400()" classname="com.kodilla.jacoco.YearTest" time="0.003"/>
  <testcase name="shouldNotBeLeapYearIfNotDivisibleBy4()" classname="com.kodilla.jacoco.YearTest" time="0.004"/>
  <system-out><![CDATA[]]></system-out>
  <system-err><![CDATA[]]></system-err>
</testsuite>
